Determining if the pthread_create exist failed with the following output:
Change Dir: /home/mohammad/ros_workspace1/build/CMakeFiles/CMakeTmp

Run Build Command:"/usr/bin/make" "cmTC_9c788/fast"
/usr/bin/make -f CMakeFiles/cmTC_9c788.dir/build.make CMakeFiles/cmTC_9c788.dir/build
make[1]: Entering directory '/home/mohammad/ros_workspace1/build/CMakeFiles/CMakeTmp'
Building C object CMakeFiles/cmTC_9c788.dir/CheckSymbolExists.c.o
/usr/bin/cc    -o CMakeFiles/cmTC_9c788.dir/CheckSymbolExists.c.o   -c /home/mohammad/ros_workspace1/build/CMakeFiles/CMakeTmp/CheckSymbolExists.c
Linking C executable cmTC_9c788
/usr/bin/cmake -E cmake_link_script CMakeFiles/cmTC_9c788.dir/link.txt --verbose=1
/usr/bin/cc      -rdynamic CMakeFiles/cmTC_9c788.dir/CheckSymbolExists.c.o  -o cmTC_9c788 
CMakeFiles/cmTC_9c788.dir/CheckSymbolExists.c.o: In function `main':
CheckSymbolExists.c:(.text+0x1b): undefined reference to `pthread_create'
collect2: error: ld returned 1 exit status
CMakeFiles/cmTC_9c788.dir/build.make:97: recipe for target 'cmTC_9c788' failed
make[1]: *** [cmTC_9c788] Error 1
make[1]: Leaving directory '/home/mohammad/ros_workspace1/build/CMakeFiles/CMakeTmp'
Makefile:126: recipe for target 'cmTC_9c788/fast' failed
make: *** [cmTC_9c788/fast] Error 2

File /home/mohammad/ros_workspace1/build/CMakeFiles/CMakeTmp/CheckSymbolExists.c:
/* */
#include <pthread.h>

int main(int argc, char** argv)
{
  (void)argv;
#ifndef pthread_create
  return ((int*)(&pthread_create))[argc];
#else
  (void)argc;
  return 0;
#endif
}

Determining if the function pthread_create exists in the pthreads failed with the following output:
Change Dir: /home/mohammad/ros_workspace1/build/CMakeFiles/CMakeTmp

Run Build Command:"/usr/bin/make" "cmTC_bd696/fast"
/usr/bin/make -f CMakeFiles/cmTC_bd696.dir/build.make CMakeFiles/cmTC_bd696.dir/build
make[1]: Entering directory '/home/mohammad/ros_workspace1/build/CMakeFiles/CMakeTmp'
Building C object CMakeFiles/cmTC_bd696.dir/CheckFunctionExists.c.o
/usr/bin/cc   -DCHECK_FUNCTION_EXISTS=pthread_create   -o CMakeFiles/cmTC_bd696.dir/CheckFunctionExists.c.o   -c /usr/share/cmake-3.10/Modules/CheckFunctionExists.c
Linking C executable cmTC_bd696
/usr/bin/cmake -E cmake_link_script CMakeFiles/cmTC_bd696.dir/link.txt --verbose=1
/usr/bin/cc  -DCHECK_FUNCTION_EXISTS=pthread_create    -rdynamic CMakeFiles/cmTC_bd696.dir/CheckFunctionExists.c.o  -o cmTC_bd696 -lpthreads 
/usr/bin/ld: cannot find -lpthreads
collect2: error: ld returned 1 exit status
CMakeFiles/cmTC_bd696.dir/build.make:97: recipe for target 'cmTC_bd696' failed
make[1]: *** [cmTC_bd696] Error 1
make[1]: Leaving directory '/home/mohammad/ros_workspace1/build/CMakeFiles/CMakeTmp'
Makefile:126: recipe for target 'cmTC_bd696/fast' failed
make: *** [cmTC_bd696/fast] Error 2


